#
# There is insufficient memory for the Java Runtime Environment to continue.
# Native memory allocation (mmap) failed to map 249561088 bytes for Failed to commit area from 0x0000000712c00000 to 0x0000000721a00000 of length 249561088.
# Possible reasons:
#   The system is out of physical RAM or swap space
#   The process is running with CompressedOops enabled, and the Java Heap may be blocking the growth of the native heap
# Possible solutions:
#   Reduce memory load on the system
#   Increase physical memory or swap space
#   Check if swap backing store is full
#   Decrease Java heap size (-Xmx/-Xms)
#   Decrease number of Java threads
#   Decrease Java thread stack sizes (-Xss)
#   Set larger code cache with -XX:ReservedCodeCacheSize=
# This output file may be truncated or incomplete.
#
#  Out of Memory Error (./src/hotspot/os/windows/os_windows.cpp:3521), pid=6000, tid=3000
#
# JRE version:  (11.0.12+7) (build )
# Java VM: OpenJDK 64-Bit Server VM (11.0.12+7-b1504.40, mixed mode, sharing, tiered, compressed oops, g1 gc, windows-amd64)
# No core dump will be written. Minidumps are not enabled by default on client versions of Windows
#

---------------  S U M M A R Y ------------

Command Line: git4idea.http.GitAskPassApp Username for 'https://github.com': 

Host: AMD Ryzen 7 5700U with Radeon Graphics         , 16 cores, 14G,  Windows 10 , 64 bit Build 19041 (10.0.19041.1320)
Time: Thu Oct 28 15:59:43 2021 Mitteleuropäische Sommerzeit elapsed time: 0.008608 seconds (0d 0h 0m 0s)

---------------  T H R E A D  ---------------

Current thread (0x000002bdc1adb800):  JavaThread "Unknown thread" [_thread_in_vm, id=3000, stack(0x000000beb3100000,0x000000beb3200000)]

Stack: [0x000000beb3100000,0x000000beb3200000]
Native frames: (J=compiled Java code, j=interpreted, Vv=VM code, C=native code)
V  [jvm.dll+0x5ff40a]
V  [jvm.dll+0x783b65]
V  [jvm.dll+0x78517d]
V  [jvm.dll+0x785833]
V  [jvm.dll+0x249408]
V  [jvm.dll+0x5fc7f4]
V  [jvm.dll+0x5f13c5]
V  [jvm.dll+0x3076bb]
V  [jvm.dll+0x30762a]
V  [jvm.dll+0x307502]
V  [jvm.dll+0x30c466]
V  [jvm.dll+0x355543]
V  [jvm.dll+0x355c46]
V  [jvm.dll+0x355643]
V  [jvm.dll+0x2e2018]
V  [jvm.dll+0x2e31c7]
V  [jvm.dll+0x761f57]
V  [jvm.dll+0x76374c]
V  [jvm.dll+0x362ab9]
V  [jvm.dll+0x7455be]
V  [jvm.dll+0x3cb673]
V  [jvm.dll+0x3cda21]
C  [jli.dll+0x536b]
C  [ucrtbase.dll+0x21bb2]
C  [KERNEL32.DLL+0x17034]
C  [ntdll.dll+0x52651]


---------------  P R O C E S S  ---------------

Threads class SMR info:
_java_thread_list=0x000002bdbf9d0bd0, length=0, elements={
}

Java Threads: ( => current thread )

Other Threads:
  0x000002bdc1af4800 GCTaskThread "GC Thread#0" [stack: 0x000000beb3200000,0x000000beb3300000] [id=5088]
  0x000002bdc1b4d000 ConcurrentGCThread "G1 Main Marker" [stack: 0x000000beb3300000,0x000000beb3400000] [id=5928]
  0x000002bdc1b4e800 ConcurrentGCThread "G1 Conc#0" [stack: 0x000000beb3400000,0x000000beb3500000] [id=14900]

[error occurred during error reporting (printing all threads), id 0xc0000005, EXCEPTION_ACCESS_VIOLATION (0xc0000005) at pc=0x00007ffb838027a7]

VM state:not at safepoint (not fully initialized)

VM Mutex/Monitor currently owned by a thread:  ([mutex/lock_event])
[0x000002bdc1ad6c80] Heap_lock - owner thread: 0x000002bdc1adb800

Heap address: 0x0000000712c00000, size: 3796 MB, Compressed Oops mode: Non-zero based: 0x0000000712c00000
Narrow klass base: 0x0000000000000000, Narrow klass shift: 0

GC Heap History (0 events):
No events

Deoptimization events (0 events):
No events

Classes redefined (0 events):
No events

Internal exceptions (0 events):
No events

Events (1 events):
Event: 0.005 Loaded shared library C:\Program Files\JetBrains\PyCharm 2021.2.3\jbr\bin\zip.dll


Dynamic libraries:
0x00007ff6a7130000 - 0x00007ff6a713a000 	C:\Program Files\JetBrains\PyCharm 2021.2.3\jbr\bin\java.exe
0x00007ffbbc3b0000 - 0x00007ffbbc5a5000 	C:\WINDOWS\SYSTEM32\ntdll.dll
0x00007ffbba6f0000 - 0x00007ffbba7ae000 	C:\WINDOWS\System32\KERNEL32.DLL
0x00007ffbb9cc0000 - 0x00007ffbb9f88000 	C:\WINDOWS\System32\KERNELBASE.dll
0x00007ffbba300000 - 0x00007ffbba400000 	C:\WINDOWS\System32\ucrtbase.dll
0x00007ffba1d20000 - 0x00007ffba1d37000 	C:\Program Files\JetBrains\PyCharm 2021.2.3\jbr\bin\VCRUNTIME140.dll
0x00007ffba1a90000 - 0x00007ffba1aa9000 	C:\Program Files\JetBrains\PyCharm 2021.2.3\jbr\bin\jli.dll
0x00007ffbba400000 - 0x00007ffbba5a1000 	C:\WINDOWS\System32\USER32.dll
0x00007ffbb9be0000 - 0x00007ffbb9c02000 	C:\WINDOWS\System32\win32u.dll
0x00007ffba93d0000 - 0x00007ffba966a000 	C:\WINDOWS\WinSxS\amd64_microsoft.windows.common-controls_6595b64144ccf1df_6.0.19041.1110_none_60b5254171f9507e\COMCTL32.dll
0x00007ffbbb210000 - 0x00007ffbbb23b000 	C:\WINDOWS\System32\GDI32.dll
0x00007ffbbb030000 - 0x00007ffbbb0ce000 	C:\WINDOWS\System32\msvcrt.dll
0x00007ffbb9ad0000 - 0x00007ffbb9bdb000 	C:\WINDOWS\System32\gdi32full.dll
0x00007ffbba1b0000 - 0x00007ffbba24d000 	C:\WINDOWS\System32\msvcp_win.dll
0x00007ffbbb330000 - 0x00007ffbbb360000 	C:\WINDOWS\System32\IMM32.DLL
0x00007ffb87c10000 - 0x00007ffb87cad000 	C:\Program Files\JetBrains\PyCharm 2021.2.3\jbr\bin\msvcp140.dll
0x00007ffb83510000 - 0x00007ffb84068000 	C:\Program Files\JetBrains\PyCharm 2021.2.3\jbr\bin\server\jvm.dll
0x00007ffbba5c0000 - 0x00007ffbba66c000 	C:\WINDOWS\System32\ADVAPI32.dll
0x00007ffbbbf20000 - 0x00007ffbbbfbb000 	C:\WINDOWS\System32\sechost.dll
0x00007ffbbb0d0000 - 0x00007ffbbb1fa000 	C:\WINDOWS\System32\RPCRT4.dll
0x00007ffbbc0d0000 - 0x00007ffbbc0d8000 	C:\WINDOWS\System32\PSAPI.DLL
0x00007ffbb13d0000 - 0x00007ffbb13da000 	C:\WINDOWS\SYSTEM32\VERSION.dll
0x00007ffba9670000 - 0x00007ffba9679000 	C:\WINDOWS\SYSTEM32\WSOCK32.dll
0x00007ffbaf1f0000 - 0x00007ffbaf217000 	C:\WINDOWS\SYSTEM32\WINMM.dll
0x00007ffbbae90000 - 0x00007ffbbaefb000 	C:\WINDOWS\System32\WS2_32.dll
0x00007ffbb83a0000 - 0x00007ffbb83b2000 	C:\WINDOWS\SYSTEM32\kernel.appcore.dll
0x00007ffba6590000 - 0x00007ffba65a1000 	C:\Program Files\JetBrains\PyCharm 2021.2.3\jbr\bin\verify.dll
0x00007ffbb7770000 - 0x00007ffbb7954000 	C:\WINDOWS\SYSTEM32\DBGHELP.DLL
0x00007ffba5c90000 - 0x00007ffba5cbc000 	C:\WINDOWS\SYSTEM32\dbgcore.DLL
0x00007ffbba0f0000 - 0x00007ffbba173000 	C:\WINDOWS\System32\bcryptPrimitives.dll
0x00007ffba6560000 - 0x00007ffba6589000 	C:\Program Files\JetBrains\PyCharm 2021.2.3\jbr\bin\java.dll
0x00007ffba6550000 - 0x00007ffba655b000 	C:\Program Files\JetBrains\PyCharm 2021.2.3\jbr\bin\jimage.dll
0x00007ffba1da0000 - 0x00007ffba1db8000 	C:\Program Files\JetBrains\PyCharm 2021.2.3\jbr\bin\zip.dll

dbghelp: loaded successfully - version: 4.0.5 - missing functions: none
symbol engine: initialized successfully - sym options: 0x614 - pdb path: .;C:\Program Files\JetBrains\PyCharm 2021.2.3\jbr\bin;C:\WINDOWS\SYSTEM32;C:\WINDOWS\WinSxS\amd64_microsoft.windows.common-controls_6595b64144ccf1df_6.0.19041.1110_none_60b5254171f9507e;C:\Program Files\JetBrains\PyCharm 2021.2.3\jbr\bin\server

VM Arguments:
java_command: git4idea.http.GitAskPassApp Username for 'https://github.com': 
java_class_path (initial): C:/Program Files/JetBrains/PyCharm 2021.2.3/plugins/git4idea/lib/git4idea-rt.jar;C:/Program Files/JetBrains/PyCharm 2021.2.3/lib/3rd-party.jar
Launcher Type: SUN_STANDARD

[Global flags]
     intx CICompilerCount                          = 12                                        {product} {ergonomic}
     uint ConcGCThreads                            = 3                                         {product} {ergonomic}
     uint G1ConcRefinementThreads                  = 13                                        {product} {ergonomic}
   size_t G1HeapRegionSize                         = 1048576                                   {product} {ergonomic}
    uintx GCDrainStackTargetSize                   = 64                                        {product} {ergonomic}
   size_t InitialHeapSize                          = 249561088                                 {product} {ergonomic}
   size_t MarkStackSize                            = 4194304                                   {product} {ergonomic}
   size_t MaxHeapSize                              = 3980394496                                {product} {ergonomic}
   size_t MinHeapDeltaBytes                        = 1048576                                   {product} {ergonomic}
    uintx NonNMethodCodeHeapSize                   = 7594288                                {pd product} {ergonomic}
    uintx NonProfiledCodeHeapSize                  = 122031976                              {pd product} {ergonomic}
    uintx ProfiledCodeHeapSize                     = 122031976                              {pd product} {ergonomic}
    uintx ReservedCodeCacheSize                    = 251658240                              {pd product} {ergonomic}
     bool SegmentedCodeCache                       = true                                      {product} {ergonomic}
     bool UseCompressedClassPointers               = true                                 {lp64_product} {ergonomic}
     bool UseCompressedOops                        = true                                 {lp64_product} {ergonomic}
     bool UseG1GC                                  = true                                      {product} {ergonomic}
     bool UseLargePagesIndividualAllocation        = false                                  {pd product} {ergonomic}

Logging:
Log output configuration:
 #0: stdout all=warning uptime,level,tags
 #1: stderr all=off uptime,level,tags

Environment Variables:
PATH=C:/Program Files/Git/mingw64/libexec/git-core;C:/Program Files/Git/mingw64/libexec/git-core;C:\Program Files\Git\mingw64\bin;C:\Program Files\Git\usr\bin;C:\Users\Leon\bin;C:\Users\Leon\anaconda3\envs\map;C:\Users\Leon\anaconda3\envs\map\Library\mingw-w64\bin;C:\Users\Leon\anaconda3\envs\map\Library\usr\bin;C:\Users\Leon\anaconda3\envs\map\Library\bin;C:\Users\Leon\anaconda3\envs\map\Scripts;C:\Users\Leon\anaconda3\envs\map\bin;C:\Users\Leon\anaconda3\condabin;C:\WINDOWS\system32;C:\WINDOWS;C:\WINDOWS\System32\Wbem;C:\WINDOWS\System32\WindowsPowerShell\v1.0;C:\WINDOWS\System32\OpenSSH;C:\Program Files\Git\cmd;C:\Users\Leon\AppData\Local\Microsoft\WindowsApps;.
USERNAME=Leon
DISPLAY=:0.0
LC_ALL=en_US.UTF-8
OS=Windows_NT
PROCESSOR_IDENTIFIER=AMD64 Family 23 Model 104 Stepping 1, AuthenticAMD



---------------  S Y S T E M  ---------------

OS: Windows 10 , 64 bit Build 19041 (10.0.19041.1320)
OS uptime: 0 days 7:52 hours

CPU:total 16 (initial active 16) (16 cores per cpu, 2 threads per core) family 23 model 104 stepping 1 microcode 0x0, cmov, cx8, fxsr, mmx, sse, sse2, sse3, ssse3, sse4.1, sse4.2, popcnt, avx, avx2, aes, clmul, mmxext, 3dnowpref, lzcnt, sse4a, ht, tsc, tscinvbit, tscinv, bmi1, bmi2, adx, sha, fma

Memory: 4k page, system-wide physical 15178M (4324M free)
TotalPageFile size 37784M (AvailPageFile size 211M)
current process WorkingSet (physical memory assigned to process): 10M, peak: 10M
current process commit charge ("private bytes"): 71M, peak: 309M

vm_info: OpenJDK 64-Bit Server VM (11.0.12+7-b1504.40) for windows-amd64 JRE (11.0.12+7-b1504.40), built on Sep 23 2021 14:38:03 by "" with MS VC++ 14.0 (VS2015)

END.
